2021-08-06 13:17:30.417  INFO 110480 --- [main] it.reply.sipp.modeshape.ModeShapeTest    : Starting ModeShapeTest using Java 11.0.11 on DESKTOP-QROFTNU with PID 110480 (started by robyc in C:\tim\sippone2\repo\sipp\be\sipp)
2021-08-06 13:17:30.419 DEBUG 110480 --- [main] it.reply.sipp.modeshape.ModeShapeTest    : Running with Spring Boot v2.5.0, Spring v5.3.7
2021-08-06 13:17:30.420  INFO 110480 --- [main] it.reply.sipp.modeshape.ModeShapeTest    : The following profiles are active: test
2021-08-06 13:17:31.269  WARN 110480 --- [background-preinit] o.s.h.c.j.Jackson2ObjectMapperBuilder    : For Jackson Kotlin classes support please add "com.fasterxml.jackson.module:jackson-module-kotlin" to the classpath
2021-08-06 13:17:31.624  INFO 110480 --- [main] .s.d.r.c.RepositoryConfigurationDelegate : Multiple Spring Data modules found, entering strict repository configuration mode!
2021-08-06 13:17:31.625  INFO 110480 --- [main] .s.d.r.c.RepositoryConfigurationDelegate : Bootstrapping Spring Data JDBC repositories in DEFAULT mode.
2021-08-06 13:17:31.636  INFO 110480 --- [main] .s.d.r.c.RepositoryConfigurationDelegate : Finished Spring Data repository scanning in 5 ms. Found 0 JDBC repository interfaces.
2021-08-06 13:17:31.922  INFO 110480 --- [main] .s.d.r.c.RepositoryConfigurationDelegate : Multiple Spring Data modules found, entering strict repository configuration mode!
2021-08-06 13:17:31.924  INFO 110480 --- [main] .s.d.r.c.RepositoryConfigurationDelegate : Bootstrapping Spring Data JPA repositories in DEFAULT mode.
2021-08-06 13:17:32.098  INFO 110480 --- [main] .s.d.r.c.RepositoryConfigurationDelegate : Finished Spring Data repository scanning in 167 ms. Found 7 JPA repository interfaces.
2021-08-06 13:17:32.739  INFO 110480 --- [main] trationDelegate$BeanPostProcessorChecker : Bean 'org.springframework.security.access.expression.method.DefaultMethodSecurityExpressionHandler@5261ec9' of type [org.springframework.security.access.expression.method.DefaultMethodSecurityExpressionHandler] is not eligible for getting processed by all BeanPostProcessors (for example: not eligible for auto-proxying)
2021-08-06 13:17:32.764  INFO 110480 --- [main] trationDelegate$BeanPostProcessorChecker : Bean 'methodSecurityMetadataSource' of type [org.springframework.security.access.method.DelegatingMethodSecurityMetadataSource] is not eligible for getting processed by all BeanPostProcessors (for example: not eligible for auto-proxying)
2021-08-06 13:17:33.108  INFO 110480 --- [main] o.hibernate.jpa.internal.util.LogHelper  : HHH000204: Processing PersistenceUnitInfo [name: default]
2021-08-06 13:17:33.210  INFO 110480 --- [main] org.hibernate.Version                    : HHH000412: Hibernate ORM core version 5.4.31.Final
2021-08-06 13:17:33.520  INFO 110480 --- [main] o.hibernate.annotations.common.Version   : HCANN000001: Hibernate Commons Annotations {5.1.2.Final}
2021-08-06 13:17:34.266  INFO 110480 --- [main] com.zaxxer.hikari.HikariDataSource       : HikariPool-1 - Starting...
2021-08-06 13:17:34.872  INFO 110480 --- [main] com.zaxxer.hikari.HikariDataSource       : HikariPool-1 - Start completed.
2021-08-06 13:17:34.904  INFO 110480 --- [main] org.hibernate.dialect.Dialect            : HHH000400: Using dialect: org.hibernate.dialect.MySQL5InnoDBDialect
2021-08-06 13:17:36.148  INFO 110480 --- [main] o.h.e.t.j.p.i.JtaPlatformInitiator       : HHH000490: Using JtaPlatform implementation: [org.hibernate.engine.transaction.jta.platform.internal.NoJtaPlatform]
2021-08-06 13:17:36.159  INFO 110480 --- [main] j.LocalContainerEntityManagerFactoryBean : Initialized JPA EntityManagerFactory for persistence unit 'default'
2021-08-06 13:17:36.992  INFO 110480 --- [main] it.reply.sipp.jwt.JWTComponent           : jwt.secret: segretissima
2021-08-06 13:17:36.994  INFO 110480 --- [main] it.reply.sipp.jwt.JWTComponent           : jwt.expirationInMillis: 3.600.000
2021-08-06 13:17:38.593  INFO 110480 --- [main] o.s.s.web.DefaultSecurityFilterChain     : Will secure any request with [org.springframework.security.web.context.request.async.WebAsyncManagerIntegrationFilter@44103266, org.springframework.security.web.context.SecurityContextPersistenceFilter@67167f8f, org.springframework.security.web.header.HeaderWriterFilter@7f5a25e2, org.springframework.web.filter.CorsFilter@439b0198, org.springframework.security.web.authentication.logout.LogoutFilter@41831611, it.reply.sipp.security.TokenAuthenticationFilter@620f7a39, org.springframework.security.web.savedrequest.RequestCacheAwareFilter@5add7380, org.springframework.security.web.servletapi.SecurityContextHolderAwareRequestFilter@567baa55, org.springframework.security.web.authentication.AnonymousAuthenticationFilter@c2dab10, org.springframework.security.web.session.SessionManagementFilter@6329a5b9, org.springframework.security.web.access.ExceptionTranslationFilter@2f3d5cd, org.springframework.security.web.access.intercept.FilterSecurityInterceptor@5bc44d78]
2021-08-06 13:17:39.468  INFO 110480 --- [main] it.reply.sipp.modeshape.ModeShapeTest    : Started ModeShapeTest in 9.555 seconds (JVM running for 10.925)
2021-08-06 13:17:39.470  INFO 110480 --- [main] o.s.b.a.ApplicationAvailabilityBean      : Application availability state LivenessState changed to CORRECT
2021-08-06 13:17:39.474  INFO 110480 --- [main] o.s.b.a.ApplicationAvailabilityBean      : Application availability state ReadinessState changed to ACCEPTING_TRAFFIC
2021-08-06 13:17:39.715  INFO 110480 --- [main] org.modeshape.common.logging.LogFactory  : SLF4J implementation located in the classpath. It will be used by ModeShape for logging.
2021-08-06 13:17:39.717 DEBUG 110480 --- [main] it.reply.sipp.modeshape.ModeShapeTest    : Reading configuration
2021-08-06 13:17:39.810 DEBUG 110480 --- [main] it.reply.sipp.modeshape.ModeShapeTest    : Modeshape configuration readed
2021-08-06 13:17:39.852 DEBUG 110480 --- [main] it.reply.sipp.modeshape.ModeShapeTest    : Deploying repository
2021-08-06 13:17:39.876  INFO 110480 --- [main] org.modeshape.jcr.JcrRepository          : ModeShape version 5.4.1.Final
2021-08-06 13:17:39.941 DEBUG 110480 --- [main] it.reply.sipp.modeshape.ModeShapeTest    : Repository deployed
2021-08-06 13:17:40.183  INFO 110480 --- [main] .b.t.c.SpringBootTestContextBootstrapper : Neither @ContextConfiguration nor @ContextHierarchy found for test class [it.reply.sipp.SippApplicationTests], using SpringBootContextLoader
2021-08-06 13:17:40.184  INFO 110480 --- [main] o.s.t.c.support.AbstractContextLoader    : Could not detect default resource locations for test class [it.reply.sipp.SippApplicationTests]: no resource found for suffixes {-context.xml, Context.groovy}.
2021-08-06 13:17:40.185  INFO 110480 --- [main] t.c.s.AnnotationConfigContextLoaderUtils : Could not detect default configuration classes for test class [it.reply.sipp.SippApplicationTests]: SippApplicationTests does not declare any static, non-private, non-final, nested classes annotated with @Configuration.
2021-08-06 13:17:40.195  INFO 110480 --- [main] .b.t.c.SpringBootTestContextBootstrapper : Found @SpringBootConfiguration it.reply.sipp.SippApplication for test class it.reply.sipp.SippApplicationTests
2021-08-06 13:17:40.200  INFO 110480 --- [main] .b.t.c.SpringBootTestContextBootstrapper : Loaded default TestExecutionListener class names from location [META-INF/spring.factories]: [org.springframework.boot.test.mock.mockito.MockitoTestExecutionListener, org.springframework.boot.test.mock.mockito.ResetMocksTestExecutionListener, org.springframework.boot.test.autoconfigure.restdocs.RestDocsTestExecutionListener, org.springframework.boot.test.autoconfigure.web.client.MockRestServiceServerResetTestExecutionListener, org.springframework.boot.test.autoconfigure.web.servlet.MockMvcPrintOnlyOnFailureTestExecutionListener, org.springframework.boot.test.autoconfigure.web.servlet.WebDriverTestExecutionListener, org.springframework.boot.test.autoconfigure.webservices.client.MockWebServiceServerTestExecutionListener, org.springframework.test.context.web.ServletTestExecutionListener, org.springframework.test.context.support.DirtiesContextBeforeModesTestExecutionListener, org.springframework.test.context.event.ApplicationEventsTestExecutionListener, org.springframework.test.context.support.DependencyInjectionTestExecutionListener, org.springframework.test.context.support.DirtiesContextTestExecutionListener, org.springframework.test.context.transaction.TransactionalTestExecutionListener, org.springframework.test.context.jdbc.SqlScriptsTestExecutionListener, org.springframework.test.context.event.EventPublishingTestExecutionListener, org.springframework.security.test.context.support.WithSecurityContextTestExecutionListener, org.springframework.security.test.context.support.ReactorContextTestExecutionListener]
2021-08-06 13:17:40.201  INFO 110480 --- [main] .b.t.c.SpringBootTestContextBootstrapper : Using TestExecutionListeners: [org.springframework.test.context.web.ServletTestExecutionListener@8c54f48, org.springframework.test.context.support.DirtiesContextBeforeModesTestExecutionListener@119f02d2, org.springframework.test.context.event.ApplicationEventsTestExecutionListener@48c584c, org.springframework.boot.test.mock.mockito.MockitoTestExecutionListener@641001c2, org.springframework.boot.test.autoconfigure.SpringBootDependencyInjectionTestExecutionListener@468dbd07, org.springframework.test.context.support.DirtiesContextTestExecutionListener@2fedae96, org.springframework.test.context.transaction.TransactionalTestExecutionListener@4945cd1f, org.springframework.test.context.jdbc.SqlScriptsTestExecutionListener@2dbfcbe4, org.springframework.test.context.event.EventPublishingTestExecutionListener@6f13ed1, org.springframework.security.test.context.support.WithSecurityContextTestExecutionListener@44aaa987, org.springframework.security.test.context.support.ReactorContextTestExecutionListener@23e0b938, org.springframework.boot.test.mock.mockito.ResetMocksTestExecutionListener@7053b64b, org.springframework.boot.test.autoconfigure.restdocs.RestDocsTestExecutionListener@7f5b0926, org.springframework.boot.test.autoconfigure.web.client.MockRestServiceServerResetTestExecutionListener@6eac71db, org.springframework.boot.test.autoconfigure.web.servlet.MockMvcPrintOnlyOnFailureTestExecutionListener@48a32c4f, org.springframework.boot.test.autoconfigure.web.servlet.WebDriverTestExecutionListener@25af2afe, org.springframework.boot.test.autoconfigure.webservices.client.MockWebServiceServerTestExecutionListener@21a1554]
2021-08-06 13:20:16.729  INFO 102396 --- [main] it.reply.sipp.modeshape.ModeShapeTest    : Starting ModeShapeTest using Java 11.0.11 on DESKTOP-QROFTNU with PID 102396 (started by robyc in C:\tim\sippone2\repo\sipp\be\sipp)
2021-08-06 13:20:16.731 DEBUG 102396 --- [main] it.reply.sipp.modeshape.ModeShapeTest    : Running with Spring Boot v2.5.0, Spring v5.3.7
2021-08-06 13:20:16.731  INFO 102396 --- [main] it.reply.sipp.modeshape.ModeShapeTest    : The following profiles are active: test
2021-08-06 13:20:17.539  WARN 102396 --- [background-preinit] o.s.h.c.j.Jackson2ObjectMapperBuilder    : For Jackson Kotlin classes support please add "com.fasterxml.jackson.module:jackson-module-kotlin" to the classpath
2021-08-06 13:20:17.776  INFO 102396 --- [main] .s.d.r.c.RepositoryConfigurationDelegate : Multiple Spring Data modules found, entering strict repository configuration mode!
2021-08-06 13:20:17.777  INFO 102396 --- [main] .s.d.r.c.RepositoryConfigurationDelegate : Bootstrapping Spring Data JDBC repositories in DEFAULT mode.
2021-08-06 13:20:17.788  INFO 102396 --- [main] .s.d.r.c.RepositoryConfigurationDelegate : Finished Spring Data repository scanning in 6 ms. Found 0 JDBC repository interfaces.
2021-08-06 13:20:18.083  INFO 102396 --- [main] .s.d.r.c.RepositoryConfigurationDelegate : Multiple Spring Data modules found, entering strict repository configuration mode!
2021-08-06 13:20:18.085  INFO 102396 --- [main] .s.d.r.c.RepositoryConfigurationDelegate : Bootstrapping Spring Data JPA repositories in DEFAULT mode.
2021-08-06 13:20:18.272  INFO 102396 --- [main] .s.d.r.c.RepositoryConfigurationDelegate : Finished Spring Data repository scanning in 179 ms. Found 7 JPA repository interfaces.
2021-08-06 13:20:18.917  INFO 102396 --- [main] trationDelegate$BeanPostProcessorChecker : Bean 'org.springframework.security.access.expression.method.DefaultMethodSecurityExpressionHandler@f438904' of type [org.springframework.security.access.expression.method.DefaultMethodSecurityExpressionHandler] is not eligible for getting processed by all BeanPostProcessors (for example: not eligible for auto-proxying)
2021-08-06 13:20:18.944  INFO 102396 --- [main] trationDelegate$BeanPostProcessorChecker : Bean 'methodSecurityMetadataSource' of type [org.springframework.security.access.method.DelegatingMethodSecurityMetadataSource] is not eligible for getting processed by all BeanPostProcessors (for example: not eligible for auto-proxying)
2021-08-06 13:20:19.306  INFO 102396 --- [main] o.hibernate.jpa.internal.util.LogHelper  : HHH000204: Processing PersistenceUnitInfo [name: default]
2021-08-06 13:20:19.407  INFO 102396 --- [main] org.hibernate.Version                    : HHH000412: Hibernate ORM core version 5.4.31.Final
2021-08-06 13:20:19.690  INFO 102396 --- [main] o.hibernate.annotations.common.Version   : HCANN000001: Hibernate Commons Annotations {5.1.2.Final}
2021-08-06 13:20:20.373  INFO 102396 --- [main] com.zaxxer.hikari.HikariDataSource       : HikariPool-1 - Starting...
2021-08-06 13:20:20.921  INFO 102396 --- [main] com.zaxxer.hikari.HikariDataSource       : HikariPool-1 - Start completed.
2021-08-06 13:20:20.955  INFO 102396 --- [main] org.hibernate.dialect.Dialect            : HHH000400: Using dialect: org.hibernate.dialect.MySQL5InnoDBDialect
2021-08-06 13:20:22.151  INFO 102396 --- [main] o.h.e.t.j.p.i.JtaPlatformInitiator       : HHH000490: Using JtaPlatform implementation: [org.hibernate.engine.transaction.jta.platform.internal.NoJtaPlatform]
2021-08-06 13:20:22.163  INFO 102396 --- [main] j.LocalContainerEntityManagerFactoryBean : Initialized JPA EntityManagerFactory for persistence unit 'default'
2021-08-06 13:20:22.965  INFO 102396 --- [main] it.reply.sipp.jwt.JWTComponent           : jwt.secret: segretissima
2021-08-06 13:20:22.967  INFO 102396 --- [main] it.reply.sipp.jwt.JWTComponent           : jwt.expirationInMillis: 3.600.000
2021-08-06 13:20:24.396  INFO 102396 --- [main] o.s.s.web.DefaultSecurityFilterChain     : Will secure any request with [org.springframework.security.web.context.request.async.WebAsyncManagerIntegrationFilter@3c39c739, org.springframework.security.web.context.SecurityContextPersistenceFilter@5837cb9e, org.springframework.security.web.header.HeaderWriterFilter@1d884a19, org.springframework.web.filter.CorsFilter@4b3b2a4f, org.springframework.security.web.authentication.logout.LogoutFilter@5add7380, it.reply.sipp.security.TokenAuthenticationFilter@5d8a1456, org.springframework.security.web.savedrequest.RequestCacheAwareFilter@188ab96, org.springframework.security.web.servletapi.SecurityContextHolderAwareRequestFilter@38d895e8, org.springframework.security.web.authentication.AnonymousAuthenticationFilter@2e8eafb2, org.springframework.security.web.session.SessionManagementFilter@188058fb, org.springframework.security.web.access.ExceptionTranslationFilter@337e573b, org.springframework.security.web.access.intercept.FilterSecurityInterceptor@7004cd44]
2021-08-06 13:20:25.344  INFO 102396 --- [main] it.reply.sipp.modeshape.ModeShapeTest    : Started ModeShapeTest in 9.072 seconds (JVM running for 10.433)
2021-08-06 13:20:25.346  INFO 102396 --- [main] o.s.b.a.ApplicationAvailabilityBean      : Application availability state LivenessState changed to CORRECT
2021-08-06 13:20:25.350  INFO 102396 --- [main] o.s.b.a.ApplicationAvailabilityBean      : Application availability state ReadinessState changed to ACCEPTING_TRAFFIC
2021-08-06 13:20:25.529  INFO 102396 --- [main] org.modeshape.common.logging.LogFactory  : SLF4J implementation located in the classpath. It will be used by ModeShape for logging.
2021-08-06 13:20:25.530 DEBUG 102396 --- [main] it.reply.sipp.modeshape.ModeShapeTest    : Reading configuration
2021-08-06 13:20:25.623 DEBUG 102396 --- [main] it.reply.sipp.modeshape.ModeShapeTest    : Modeshape configuration readed
2021-08-06 13:20:25.674 DEBUG 102396 --- [main] it.reply.sipp.modeshape.ModeShapeTest    : Deploying repository
2021-08-06 13:20:25.694  INFO 102396 --- [main] org.modeshape.jcr.JcrRepository          : ModeShape version 5.4.1.Final
2021-08-06 13:20:25.754 DEBUG 102396 --- [main] it.reply.sipp.modeshape.ModeShapeTest    : Repository deployed
2021-08-06 13:20:25.968  INFO 102396 --- [main] .b.t.c.SpringBootTestContextBootstrapper : Neither @ContextConfiguration nor @ContextHierarchy found for test class [it.reply.sipp.SippApplicationTests], using SpringBootContextLoader
2021-08-06 13:20:25.969  INFO 102396 --- [main] o.s.t.c.support.AbstractContextLoader    : Could not detect default resource locations for test class [it.reply.sipp.SippApplicationTests]: no resource found for suffixes {-context.xml, Context.groovy}.
2021-08-06 13:20:25.970  INFO 102396 --- [main] t.c.s.AnnotationConfigContextLoaderUtils : Could not detect default configuration classes for test class [it.reply.sipp.SippApplicationTests]: SippApplicationTests does not declare any static, non-private, non-final, nested classes annotated with @Configuration.
2021-08-06 13:20:25.981  INFO 102396 --- [main] .b.t.c.SpringBootTestContextBootstrapper : Found @SpringBootConfiguration it.reply.sipp.SippApplication for test class it.reply.sipp.SippApplicationTests
2021-08-06 13:20:25.985  INFO 102396 --- [main] .b.t.c.SpringBootTestContextBootstrapper : Loaded default TestExecutionListener class names from location [META-INF/spring.factories]: [org.springframework.boot.test.mock.mockito.MockitoTestExecutionListener, org.springframework.boot.test.mock.mockito.ResetMocksTestExecutionListener, org.springframework.boot.test.autoconfigure.restdocs.RestDocsTestExecutionListener, org.springframework.boot.test.autoconfigure.web.client.MockRestServiceServerResetTestExecutionListener, org.springframework.boot.test.autoconfigure.web.servlet.MockMvcPrintOnlyOnFailureTestExecutionListener, org.springframework.boot.test.autoconfigure.web.servlet.WebDriverTestExecutionListener, org.springframework.boot.test.autoconfigure.webservices.client.MockWebServiceServerTestExecutionListener, org.springframework.test.context.web.ServletTestExecutionListener, org.springframework.test.context.support.DirtiesContextBeforeModesTestExecutionListener, org.springframework.test.context.event.ApplicationEventsTestExecutionListener, org.springframework.test.context.support.DependencyInjectionTestExecutionListener, org.springframework.test.context.support.DirtiesContextTestExecutionListener, org.springframework.test.context.transaction.TransactionalTestExecutionListener, org.springframework.test.context.jdbc.SqlScriptsTestExecutionListener, org.springframework.test.context.event.EventPublishingTestExecutionListener, org.springframework.security.test.context.support.WithSecurityContextTestExecutionListener, org.springframework.security.test.context.support.ReactorContextTestExecutionListener]
2021-08-06 13:20:25.987  INFO 102396 --- [main] .b.t.c.SpringBootTestContextBootstrapper : Using TestExecutionListeners: [org.springframework.test.context.web.ServletTestExecutionListener@63cff421, org.springframework.test.context.support.DirtiesContextBeforeModesTestExecutionListener@27e42fe8, org.springframework.test.context.event.ApplicationEventsTestExecutionListener@219bad15, org.springframework.boot.test.mock.mockito.MockitoTestExecutionListener@71739267, org.springframework.boot.test.autoconfigure.SpringBootDependencyInjectionTestExecutionListener@6d810e94, org.springframework.test.context.support.DirtiesContextTestExecutionListener@6b9ce7a3, org.springframework.test.context.transaction.TransactionalTestExecutionListener@17931cc0, org.springframework.test.context.jdbc.SqlScriptsTestExecutionListener@7a9e44ff, org.springframework.test.context.event.EventPublishingTestExecutionListener@1f8e1096, org.springframework.security.test.context.support.WithSecurityContextTestExecutionListener@13a35d3b, org.springframework.security.test.context.support.ReactorContextTestExecutionListener@1cd93693, org.springframework.boot.test.mock.mockito.ResetMocksTestExecutionListener@14e8304b, org.springframework.boot.test.autoconfigure.restdocs.RestDocsTestExecutionListener@7b0d88e0, org.springframework.boot.test.autoconfigure.web.client.MockRestServiceServerResetTestExecutionListener@724e483f, org.springframework.boot.test.autoconfigure.web.servlet.MockMvcPrintOnlyOnFailureTestExecutionListener@27f6854b, org.springframework.boot.test.autoconfigure.web.servlet.WebDriverTestExecutionListener@72499396, org.springframework.boot.test.autoconfigure.webservices.client.MockWebServiceServerTestExecutionListener@65145fb7]
